<?xml version="1.0" encoding="UTF-8"?>
<testsuite name="com.phonebook.testsRA.LoginTests" tests="1" skipped="0" failures="0" errors="0" timestamp="2024-04-25T08:30:10" hostname="DESKTOP-HFLOAGK" time="2.439">
  <properties/>
  <testcase name="loginSuccessTest" classname="com.phonebook.testsRA.LoginTests" time="2.439"/>
  <system-out><![CDATA[]]></system-out>
  <system-err><![CDATA[]]></system-err>
</testsuite>
